2024-08-23T22:28:24+00:00 DEBUG ==============================================>
2024-08-23T22:28:24+00:00 DEBUG https://merchants.playdigital.com.ar/merchants/middleman/token
2024-08-23T22:28:24+00:00 DEBUG Array
(
    [Content-Type] => application/json
    [accept] => application/json
)

2024-08-23T22:28:24+00:00 DEBUG Request > 
2024-08-23T22:28:24+00:00 DEBUG {"username":"","password":""}
2024-08-23T22:28:24+00:00 DEBUG Response > 
2024-08-23T22:28:24+00:00 DEBUG {"message":"Unauthorized","statusCode":401}
2024-08-23T22:29:05+00:00 DEBUG ==============================================>
2024-08-23T22:29:05+00:00 DEBUG https://merchants.playdigital.com.ar/merchants/middleman/token
2024-08-23T22:29:05+00:00 DEBUG Array
(
    [Content-Type] => application/json
    [accept] => application/json
)

2024-08-23T22:29:05+00:00 DEBUG Request > 
2024-08-23T22:29:05+00:00 DEBUG {"username":"","password":""}
2024-08-23T22:29:05+00:00 DEBUG Response > 
2024-08-23T22:29:05+00:00 DEBUG {"message":"Unauthorized","statusCode":401}
2024-08-23T22:29:11+00:00 DEBUG ==============================================>
2024-08-23T22:29:11+00:00 DEBUG https://merchants.playdigital.com.ar/merchants/middleman/token
2024-08-23T22:29:11+00:00 DEBUG Array
(
    [Content-Type] => application/json
    [accept] => application/json
)

2024-08-23T22:29:11+00:00 DEBUG Request > 
2024-08-23T22:29:11+00:00 DEBUG {"username":"","password":""}
2024-08-23T22:29:11+00:00 DEBUG Response > 
2024-08-23T22:29:11+00:00 DEBUG {"message":"Unauthorized","statusCode":401}
2024-08-23T22:29:11+00:00 DEBUG ==============================================>
2024-08-23T22:29:11+00:00 DEBUG https://merchants.playdigital.com.ar/merchants/middleman/token
2024-08-23T22:29:11+00:00 DEBUG Array
(
    [Content-Type] => application/json
    [accept] => application/json
)

2024-08-23T22:29:11+00:00 DEBUG Request > 
2024-08-23T22:29:11+00:00 DEBUG {"username":"","password":""}
2024-08-23T22:29:11+00:00 DEBUG Response > 
2024-08-23T22:29:11+00:00 DEBUG {"message":"Unauthorized","statusCode":401}
2024-08-23T22:29:23+00:00 DEBUG ==============================================>
2024-08-23T22:29:23+00:00 DEBUG https://merchants.playdigital.com.ar/merchants/middleman/token
2024-08-23T22:29:23+00:00 DEBUG Array
(
    [Content-Type] => application/json
    [accept] => application/json
)

2024-08-23T22:29:23+00:00 DEBUG Request > 
2024-08-23T22:29:23+00:00 DEBUG {"username":"","password":""}
2024-08-23T22:29:23+00:00 DEBUG Response > 
2024-08-23T22:29:23+00:00 DEBUG {"message":"Unauthorized","statusCode":401}
2024-08-23T22:29:31+00:00 DEBUG ==============================================>
2024-08-23T22:29:31+00:00 DEBUG https://merchants.playdigital.com.ar/merchants/middleman/token
2024-08-23T22:29:31+00:00 DEBUG Array
(
    [Content-Type] => application/json
    [accept] => application/json
)

2024-08-23T22:29:31+00:00 DEBUG Request > 
2024-08-23T22:29:31+00:00 DEBUG {"username":"","password":""}
2024-08-23T22:29:31+00:00 DEBUG Response > 
2024-08-23T22:29:31+00:00 DEBUG {"message":"Unauthorized","statusCode":401}
2024-08-23T22:29:36+00:00 DEBUG ==============================================>
2024-08-23T22:29:36+00:00 DEBUG https://merchants.playdigital.com.ar/merchants/middleman/token
2024-08-23T22:29:36+00:00 DEBUG Array
(
    [Content-Type] => application/json
    [accept] => application/json
)

2024-08-23T22:29:36+00:00 DEBUG Request > 
2024-08-23T22:29:36+00:00 DEBUG {"username":"","password":""}
2024-08-23T22:29:36+00:00 DEBUG Response > 
2024-08-23T22:29:36+00:00 DEBUG {"message":"Unauthorized","statusCode":401}
2024-08-23T22:29:43+00:00 DEBUG ==============================================>
2024-08-23T22:29:43+00:00 DEBUG https://merchants.playdigital.com.ar/merchants/middleman/token
2024-08-23T22:29:43+00:00 DEBUG Array
(
    [Content-Type] => application/json
    [accept] => application/json
)

2024-08-23T22:29:43+00:00 DEBUG Request > 
2024-08-23T22:29:43+00:00 DEBUG {"username":"","password":""}
2024-08-23T22:29:43+00:00 DEBUG Response > 
2024-08-23T22:29:43+00:00 DEBUG {"message":"Unauthorized","statusCode":401}
2024-08-23T22:29:49+00:00 DEBUG ==============================================>
2024-08-23T22:29:49+00:00 DEBUG https://merchants.playdigital.com.ar/merchants/middleman/token
2024-08-23T22:29:49+00:00 DEBUG Array
(
    [Content-Type] => application/json
    [accept] => application/json
)

2024-08-23T22:29:49+00:00 DEBUG Request > 
2024-08-23T22:29:49+00:00 DEBUG {"username":"","password":""}
2024-08-23T22:29:49+00:00 DEBUG Response > 
2024-08-23T22:29:49+00:00 DEBUG {"message":"Unauthorized","statusCode":401}
2024-08-23T22:30:05+00:00 DEBUG ==============================================>
2024-08-23T22:30:05+00:00 DEBUG https://merchants.playdigital.com.ar/merchants/middleman/token
2024-08-23T22:30:05+00:00 DEBUG Array
(
    [Content-Type] => application/json
    [accept] => application/json
)

2024-08-23T22:30:05+00:00 DEBUG Request > 
2024-08-23T22:30:05+00:00 DEBUG {"username":"","password":""}
2024-08-23T22:30:05+00:00 DEBUG Response > 
2024-08-23T22:30:05+00:00 DEBUG {"message":"Unauthorized","statusCode":401}
2024-08-23T22:30:16+00:00 DEBUG ==============================================>
2024-08-23T22:30:16+00:00 DEBUG https://merchants.playdigital.com.ar/merchants/middleman/token
2024-08-23T22:30:16+00:00 DEBUG Array
(
    [Content-Type] => application/json
    [accept] => application/json
)

2024-08-23T22:30:16+00:00 DEBUG Request > 
2024-08-23T22:30:16+00:00 DEBUG {"username":"","password":""}
2024-08-23T22:30:16+00:00 DEBUG Response > 
2024-08-23T22:30:16+00:00 DEBUG {"message":"Unauthorized","statusCode":401}
2024-08-23T22:31:32+00:00 DEBUG ==============================================>
2024-08-23T22:31:32+00:00 DEBUG https://merchants.playdigital.com.ar/merchants/middleman/token
2024-08-23T22:31:32+00:00 DEBUG Array
(
    [Content-Type] => application/json
    [accept] => application/json
)

2024-08-23T22:31:32+00:00 DEBUG Request > 
2024-08-23T22:31:32+00:00 DEBUG {"username":"","password":""}
2024-08-23T22:31:32+00:00 DEBUG Response > 
2024-08-23T22:31:32+00:00 DEBUG {"message":"Unauthorized","statusCode":401}
2024-08-23T22:31:40+00:00 DEBUG ==============================================>
2024-08-23T22:31:40+00:00 DEBUG https://merchants.playdigital.com.ar/merchants/middleman/token
2024-08-23T22:31:40+00:00 DEBUG Array
(
    [Content-Type] => application/json
    [accept] => application/json
)

2024-08-23T22:31:40+00:00 DEBUG Request > 
2024-08-23T22:31:40+00:00 DEBUG {"username":"","password":""}
2024-08-23T22:31:40+00:00 DEBUG Response > 
2024-08-23T22:31:40+00:00 DEBUG {"message":"Unauthorized","statusCode":401}
2024-08-23T22:31:41+00:00 DEBUG ==============================================>
2024-08-23T22:31:41+00:00 DEBUG https://merchants.playdigital.com.ar/merchants/middleman/token
2024-08-23T22:31:41+00:00 DEBUG Array
(
    [Content-Type] => application/json
    [accept] => application/json
)

2024-08-23T22:31:41+00:00 DEBUG Request > 
2024-08-23T22:31:41+00:00 DEBUG {"username":"","password":""}
2024-08-23T22:31:41+00:00 DEBUG Response > 
2024-08-23T22:31:41+00:00 DEBUG {"message":"Unauthorized","statusCode":401}
2024-08-23T22:31:44+00:00 DEBUG ==============================================>
2024-08-23T22:31:44+00:00 DEBUG https://merchants.playdigital.com.ar/merchants/middleman/token
2024-08-23T22:31:44+00:00 DEBUG Array
(
    [Content-Type] => application/json
    [accept] => application/json
)

2024-08-23T22:31:44+00:00 DEBUG Request > 
2024-08-23T22:31:44+00:00 DEBUG {"username":"","password":""}
2024-08-23T22:31:44+00:00 DEBUG Response > 
2024-08-23T22:31:44+00:00 DEBUG {"message":"Unauthorized","statusCode":401}
2024-08-23T22:31:45+00:00 DEBUG ==============================================>
2024-08-23T22:31:45+00:00 DEBUG https://merchants.playdigital.com.ar/merchants/middleman/token
2024-08-23T22:31:45+00:00 DEBUG Array
(
    [Content-Type] => application/json
    [accept] => application/json
)

2024-08-23T22:31:45+00:00 DEBUG Request > 
2024-08-23T22:31:45+00:00 DEBUG {"username":"","password":""}
2024-08-23T22:31:45+00:00 DEBUG Response > 
2024-08-23T22:31:45+00:00 DEBUG {"message":"Unauthorized","statusCode":401}
2024-08-23T22:32:12+00:00 DEBUG ==============================================>
2024-08-23T22:32:12+00:00 DEBUG https://merchants.playdigital.com.ar/merchants/middleman/token
2024-08-23T22:32:12+00:00 DEBUG Array
(
    [Content-Type] => application/json
    [accept] => application/json
)

2024-08-23T22:32:12+00:00 DEBUG Request > 
2024-08-23T22:32:12+00:00 DEBUG {"username":"","password":""}
2024-08-23T22:32:12+00:00 DEBUG Response > 
2024-08-23T22:32:12+00:00 DEBUG {"message":"Unauthorized","statusCode":401}
2024-08-23T22:32:12+00:00 DEBUG ==============================================>
2024-08-23T22:32:12+00:00 DEBUG https://merchants.playdigital.com.ar/merchants/middleman/token
2024-08-23T22:32:12+00:00 DEBUG Array
(
    [Content-Type] => application/json
    [accept] => application/json
)

2024-08-23T22:32:12+00:00 DEBUG Request > 
2024-08-23T22:32:12+00:00 DEBUG {"username":"","password":""}
2024-08-23T22:32:12+00:00 DEBUG Response > 
2024-08-23T22:32:12+00:00 DEBUG {"message":"Unauthorized","statusCode":401}
2024-08-23T22:32:16+00:00 DEBUG ==============================================>
2024-08-23T22:32:16+00:00 DEBUG https://merchants.playdigital.com.ar/merchants/middleman/token
2024-08-23T22:32:16+00:00 DEBUG Array
(
    [Content-Type] => application/json
    [accept] => application/json
)

2024-08-23T22:32:16+00:00 DEBUG Request > 
2024-08-23T22:32:16+00:00 DEBUG {"username":"","password":""}
2024-08-23T22:32:16+00:00 DEBUG Response > 
2024-08-23T22:32:16+00:00 DEBUG {"message":"Unauthorized","statusCode":401}
2024-08-23T22:33:35+00:00 DEBUG ==============================================>
2024-08-23T22:33:35+00:00 DEBUG https://merchants.playdigital.com.ar/merchants/middleman/token
2024-08-23T22:33:35+00:00 DEBUG Array
(
    [Content-Type] => application/json
    [accept] => application/json
)

2024-08-23T22:33:35+00:00 DEBUG Request > 
2024-08-23T22:33:35+00:00 DEBUG {"username":"","password":""}
2024-08-23T22:33:35+00:00 DEBUG Response > 
2024-08-23T22:33:35+00:00 DEBUG {"message":"Unauthorized","statusCode":401}
2024-08-23T22:33:48+00:00 DEBUG ==============================================>
2024-08-23T22:33:48+00:00 DEBUG https://merchants.playdigital.com.ar/merchants/middleman/token
2024-08-23T22:33:48+00:00 DEBUG Array
(
    [Content-Type] => application/json
    [accept] => application/json
)

2024-08-23T22:33:48+00:00 DEBUG Request > 
2024-08-23T22:33:48+00:00 DEBUG {"username":"","password":""}
2024-08-23T22:33:48+00:00 DEBUG Response > 
2024-08-23T22:33:48+00:00 DEBUG {"message":"Unauthorized","statusCode":401}
2024-08-23T22:35:15+00:00 DEBUG ==============================================>
2024-08-23T22:35:15+00:00 DEBUG https://merchants.playdigital.com.ar/merchants/middleman/token
2024-08-23T22:35:15+00:00 DEBUG Array
(
    [Content-Type] => application/json
    [accept] => application/json
)

2024-08-23T22:35:15+00:00 DEBUG Request > 
2024-08-23T22:35:15+00:00 DEBUG {"username":"","password":""}
2024-08-23T22:35:15+00:00 DEBUG Response > 
2024-08-23T22:35:15+00:00 DEBUG {"message":"Unauthorized","statusCode":401}
2024-08-23T22:35:23+00:00 DEBUG ==============================================>
2024-08-23T22:35:23+00:00 DEBUG https://merchants.playdigital.com.ar/merchants/middleman/token
2024-08-23T22:35:23+00:00 DEBUG Array
(
    [Content-Type] => application/json
    [accept] => application/json
)

2024-08-23T22:35:23+00:00 DEBUG Request > 
2024-08-23T22:35:23+00:00 DEBUG {"username":"","password":""}
2024-08-23T22:35:23+00:00 DEBUG Response > 
2024-08-23T22:35:23+00:00 DEBUG {"message":"Unauthorized","statusCode":401}
2024-08-23T22:36:54+00:00 DEBUG ==============================================>
2024-08-23T22:36:54+00:00 DEBUG https://merchants.playdigital.com.ar/merchants/middleman/token
2024-08-23T22:36:54+00:00 DEBUG Array
(
    [Content-Type] => application/json
    [accept] => application/json
)

2024-08-23T22:36:54+00:00 DEBUG Request > 
2024-08-23T22:36:54+00:00 DEBUG {"username":"","password":""}
2024-08-23T22:36:54+00:00 DEBUG Response > 
2024-08-23T22:36:54+00:00 DEBUG {"message":"Unauthorized","statusCode":401}
2024-08-23T22:37:00+00:00 DEBUG ==============================================>
2024-08-23T22:37:00+00:00 DEBUG https://merchants.playdigital.com.ar/merchants/middleman/token
2024-08-23T22:37:00+00:00 DEBUG Array
(
    [Content-Type] => application/json
    [accept] => application/json
)

2024-08-23T22:37:00+00:00 DEBUG Request > 
2024-08-23T22:37:00+00:00 DEBUG {"username":"","password":""}
2024-08-23T22:37:00+00:00 DEBUG Response > 
2024-08-23T22:37:00+00:00 DEBUG {"message":"Unauthorized","statusCode":401}
2024-08-23T22:37:57+00:00 DEBUG ==============================================>
2024-08-23T22:37:57+00:00 DEBUG https://merchants.playdigital.com.ar/merchants/middleman/token
2024-08-23T22:37:57+00:00 DEBUG Array
(
    [Content-Type] => application/json
    [accept] => application/json
)

2024-08-23T22:37:57+00:00 DEBUG Request > 
2024-08-23T22:37:57+00:00 DEBUG {"username":"","password":""}
2024-08-23T22:37:57+00:00 DEBUG Response > 
2024-08-23T22:37:57+00:00 DEBUG {"message":"Unauthorized","statusCode":401}
2024-08-23T22:38:03+00:00 DEBUG ==============================================>
2024-08-23T22:38:03+00:00 DEBUG https://merchants.playdigital.com.ar/merchants/middleman/token
2024-08-23T22:38:03+00:00 DEBUG Array
(
    [Content-Type] => application/json
    [accept] => application/json
)

2024-08-23T22:38:03+00:00 DEBUG Request > 
2024-08-23T22:38:03+00:00 DEBUG {"username":"","password":""}
2024-08-23T22:38:03+00:00 DEBUG Response > 
2024-08-23T22:38:03+00:00 DEBUG {"message":"Unauthorized","statusCode":401}
